<?xml version="1.0" encoding="UTF-8"?>
<testsuite xmlns:xsi="http://www.w3.org/2001/XMLSchema-instance" xsi:noNamespaceSchemaLocation="https://maven.apache.org/surefire/maven-surefire-plugin/xsd/surefire-test-report-3.0.xsd" version="3.0" name="com.nexus.customerimport.CustomerImportApplicationTests" time="4.421" tests="1" errors="0" skipped="0" failures="0">
  <properties>
[...]
</properties>
  <testcase name="contextLoads" classname="com.nexus.customerimport.CustomerImportApplicationTests" time="1.292">
    <system-out><![CDATA[18:56:41.411 [main] INFO org.springframework.test.context.support.AnnotationConfigContextLoaderUtils -- Could not detect default configuration classes for test class [com.nexus.customerimport.CustomerImportApplicationTests]: CustomerImportApplicationTests does not declare any static, non-private, non-final, nested classes annotated with @Configuration.
18:56:41.568 [main] INFO org.springframework.boot.test.context.SpringBootTestContextBootstrapper -- Found @SpringBootConfiguration com.nexus.customerimport.CustomerImportApplication for test class com.nexus.customerimport.CustomerImportApplicationTests

  .   ____          _            __ _ _
 /\\ / ___'_ __ _ _(_)_ __  __ _ \ \ \ \
( ( )\___ | '_ | '_| | '_ \/ _` | \ \ \ \
 \\/  ___)| |_)| | | | | || (_| |  ) ) ) )
  '  |____| .__|_| |_|_| |_\__, | / / / /
 =========|_|==============|___/=/_/_/_/
 :: Spring Boot ::                (v3.1.4)

2023-11-03T18:56:42.151+05:30  INFO 32328 --- [           main] c.n.c.CustomerImportApplicationTests     : Starting CustomerImportApplicationTests using Java 17.0.8.1 with PID 32328 (started by sanjay.b in C:\Users\SanjayB(TADigital)\Projects\CTMS\commercetools-microservices)
2023-11-03T18:56:42.153+05:30  INFO 32328 --- [           main] c.n.c.CustomerImportApplicationTests     : No active profile set, falling back to 1 default profile: "default"
2023-11-03T18:56:42.954+05:30  INFO 32328 --- [           main] faultConfiguringBeanFactoryPostProcessor : No bean named 'errorChannel' has been explicitly defined. Therefore, a default PublishSubscribeChannel will be created.
2023-11-03T18:56:42.984+05:30  INFO 32328 --- [           main] faultConfiguringBeanFactoryPostProcessor : No bean named 'integrationHeaderChannelRegistry' has been explicitly defined. Therefore, a default DefaultHeaderChannelRegistry will be created.
2023-11-03T18:56:44.282+05:30  INFO 32328 --- [           main] o.s.i.endpoint.EventDrivenConsumer       : Adding {logging-channel-adapter:_org.springframework.integration.errorLogger} as a subscriber to the 'errorChannel' channel
2023-11-03T18:56:44.283+05:30  INFO 32328 --- [           main] o.s.i.channel.PublishSubscribeChannel    : Channel 'application.errorChannel' has 1 subscriber(s).
2023-11-03T18:56:44.283+05:30  INFO 32328 --- [           main] o.s.i.endpoint.EventDrivenConsumer       : started bean '_org.springframework.integration.errorLogger'
2023-11-03T18:56:44.298+05:30  INFO 32328 --- [           main] c.n.c.CustomerImportApplicationTests     : Started CustomerImportApplicationTests in 2.486 seconds (process running for 3.867)
]]></system-out>
  </testcase>
</testsuite>